<?xml version="1.0" encoding="UTF-8"?>
<coverage generated="1592424435683" clover="3.2.0">
  <project timestamp="1592424435683" name="All files">
    <metrics statements="21" coveredstatements="17" conditionals="16" coveredconditionals="6" methods="2" coveredmethods="2" elements="39" coveredelements="25" complexity="0" loc="21" ncloc="21" packages="1" files="1" classes="1"/>
    <file name="cipher.js" path="C:\Users\E\Desktop\Proyectos Laboratoria\cipher\SCL014-cipher\src\cipher.js">
      <metrics statements="21" coveredstatements="17" conditionals="16" coveredconditionals="6" methods="2" coveredmethods="2"/>
      <line num="2" count="1" type="stmt"/>
      <line num="5" count="1" type="stmt"/>
      <line num="6" count="1" type="stmt"/>
      <line num="8" count="1" type="stmt"/>
      <line num="10" count="1" type="stmt"/>
      <line num="12" count="26" type="stmt"/>
      <line num="14" count="26" type="cond" truecount="3" falsecount="1"/>
      <line num="15" count="26" type="stmt"/>
      <line num="16" count="0" type="cond" truecount="0" falsecount="4"/>
      <line num="17" count="0" type="stmt"/>
      <line num="21" count="1" type="stmt"/>
      <line num="26" count="1" type="stmt"/>
      <line num="27" count="1" type="stmt"/>
      <line num="29" count="1" type="stmt"/>
      <line num="31" count="1" type="stmt"/>
      <line num="33" count="26" type="stmt"/>
      <line num="35" count="26" type="cond" truecount="3" falsecount="1"/>
      <line num="36" count="26" type="stmt"/>
      <line num="37" count="0" type="cond" truecount="0" falsecount="4"/>
      <line num="38" count="0" type="stmt"/>
      <line num="42" count="1" type="stmt"/>
    </file>
  </project>
</coverage>
