{"C:\\Users\\E\\Desktop\\Proyectos Laboratoria\\cipher\\SCL014-cipher\\src\\cipher.js": {"path":"C:\\Users\\E\\Desktop\\Proyectos Laboratoria\\cipher\\SCL014-cipher\\src\\cipher.js","statementMap":{"0":{"start":{"line":2,"column":15},"end":{"line":44,"column":1}},"1":{"start":{"line":5,"column":27},"end":{"line":5,"column":43}},"2":{"start":{"line":6,"column":8},"end":{"line":6,"column":44}},"3":{"start":{"line":8,"column":27},"end":{"line":8,"column":29}},"4":{"start":{"line":10,"column":8},"end":{"line":20,"column":9}},"5":{"start":{"line":10,"column":21},"end":{"line":10,"column":22}},"6":{"start":{"line":12,"column":24},"end":{"line":12,"column":44}},"7":{"start":{"line":14,"column":12},"end":{"line":18,"column":13}},"8":{"start":{"line":15,"column":16},"end":{"line":15,"column":91}},"9":{"start":{"line":16,"column":19},"end":{"line":18,"column":13}},"10":{"start":{"line":17,"column":16},"end":{"line":17,"column":91}},"11":{"start":{"line":21,"column":8},"end":{"line":21,"column":28}},"12":{"start":{"line":26,"column":27},"end":{"line":26,"column":43}},"13":{"start":{"line":27,"column":8},"end":{"line":27,"column":44}},"14":{"start":{"line":29,"column":29},"end":{"line":29,"column":31}},"15":{"start":{"line":31,"column":8},"end":{"line":41,"column":9}},"16":{"start":{"line":31,"column":21},"end":{"line":31,"column":22}},"17":{"start":{"line":33,"column":24},"end":{"line":33,"column":44}},"18":{"start":{"line":35,"column":12},"end":{"line":39,"column":13}},"19":{"start":{"line":36,"column":16},"end":{"line":36,"column":93}},"20":{"start":{"line":37,"column":19},"end":{"line":39,"column":13}},"21":{"start":{"line":38,"column":16},"end":{"line":38,"column":95}},"22":{"start":{"line":42,"column":8},"end":{"line":42,"column":30}}},"fnMap":{"0":{"name":"(anonymous_0)","decl":{"start":{"line":3,"column":12},"end":{"line":3,"column":13}},"loc":{"start":{"line":3,"column":32},"end":{"line":22,"column":5}},"line":3},"1":{"name":"(anonymous_1)","decl":{"start":{"line":24,"column":12},"end":{"line":24,"column":13}},"loc":{"start":{"line":24,"column":32},"end":{"line":43,"column":5}},"line":24}},"branchMap":{"0":{"loc":{"start":{"line":14,"column":12},"end":{"line":18,"column":13}},"type":"if","locations":[{"start":{"line":14,"column":12},"end":{"line":18,"column":13}},{"start":{"line":14,"column":12},"end":{"line":18,"column":13}}],"line":14},"1":{"loc":{"start":{"line":14,"column":16},"end":{"line":14,"column":42}},"type":"binary-expr","locations":[{"start":{"line":14,"column":16},"end":{"line":14,"column":27}},{"start":{"line":14,"column":31},"end":{"line":14,"column":42}}],"line":14},"2":{"loc":{"start":{"line":16,"column":19},"end":{"line":18,"column":13}},"type":"if","locations":[{"start":{"line":16,"column":19},"end":{"line":18,"column":13}},{"start":{"line":16,"column":19},"end":{"line":18,"column":13}}],"line":16},"3":{"loc":{"start":{"line":16,"column":23},"end":{"line":16,"column":50}},"type":"binary-expr","locations":[{"start":{"line":16,"column":23},"end":{"line":16,"column":34}},{"start":{"line":16,"column":38},"end":{"line":16,"column":50}}],"line":16},"4":{"loc":{"start":{"line":35,"column":12},"end":{"line":39,"column":13}},"type":"if","locations":[{"start":{"line":35,"column":12},"end":{"line":39,"column":13}},{"start":{"line":35,"column":12},"end":{"line":39,"column":13}}],"line":35},"5":{"loc":{"start":{"line":35,"column":16},"end":{"line":35,"column":43}},"type":"binary-expr","locations":[{"start":{"line":35,"column":16},"end":{"line":35,"column":27}},{"start":{"line":35,"column":31},"end":{"line":35,"column":43}}],"line":35},"6":{"loc":{"start":{"line":37,"column":19},"end":{"line":39,"column":13}},"type":"if","locations":[{"start":{"line":37,"column":19},"end":{"line":39,"column":13}},{"start":{"line":37,"column":19},"end":{"line":39,"column":13}}],"line":37},"7":{"loc":{"start":{"line":37,"column":23},"end":{"line":37,"column":50}},"type":"binary-expr","locations":[{"start":{"line":37,"column":23},"end":{"line":37,"column":34}},{"start":{"line":37,"column":38},"end":{"line":37,"column":50}}],"line":37}},"s":{"0":1,"1":1,"2":1,"3":1,"4":1,"5":1,"6":26,"7":26,"8":26,"9":0,"10":0,"11":1,"12":1,"13":1,"14":1,"15":1,"16":1,"17":26,"18":26,"19":26,"20":0,"21":0,"22":1},"f":{"0":1,"1":1},"b":{"0":[26,0],"1":[26,26],"2":[0,0],"3":[0,0],"4":[26,0],"5":[26,26],"6":[0,0],"7":[0,0]},"_coverageSchema":"43e27e138ebf9cfc5966b082cf9a028302ed4184","hash":"2899276bce93ddee28ca666c2ea4589de6658e46"}
}
