{"C:\\Users\\Sandy\\OneDrive\\Escritorio\\laboratoria\\proyectos\\SCL014-cipher\\src\\cipher.js": {"path":"C:\\Users\\Sandy\\OneDrive\\Escritorio\\laboratoria\\proyectos\\SCL014-cipher\\src\\cipher.js","statementMap":{"0":{"start":{"line":1,"column":15},"end":{"line":50,"column":1}},"1":{"start":{"line":4,"column":22},"end":{"line":4,"column":36}},"2":{"start":{"line":6,"column":19},"end":{"line":6,"column":21}},"3":{"start":{"line":9,"column":7},"end":{"line":22,"column":8}},"4":{"start":{"line":9,"column":20},"end":{"line":9,"column":21}},"5":{"start":{"line":10,"column":24},"end":{"line":10,"column":47}},"6":{"start":{"line":12,"column":8},"end":{"line":21,"column":9}},"7":{"start":{"line":13,"column":10},"end":{"line":13,"column":88}},"8":{"start":{"line":16,"column":13},"end":{"line":21,"column":9}},"9":{"start":{"line":17,"column":10},"end":{"line":17,"column":88}},"10":{"start":{"line":20,"column":11},"end":{"line":20,"column":46}},"11":{"start":{"line":24,"column":6},"end":{"line":24,"column":20}},"12":{"start":{"line":29,"column":22},"end":{"line":29,"column":36}},"13":{"start":{"line":30,"column":19},"end":{"line":30,"column":21}},"14":{"start":{"line":32,"column":6},"end":{"line":32,"column":37}},"15":{"start":{"line":34,"column":6},"end":{"line":46,"column":7}},"16":{"start":{"line":34,"column":19},"end":{"line":34,"column":20}},"17":{"start":{"line":35,"column":24},"end":{"line":35,"column":47}},"18":{"start":{"line":37,"column":8},"end":{"line":45,"column":9}},"19":{"start":{"line":38,"column":10},"end":{"line":38,"column":88}},"20":{"start":{"line":40,"column":13},"end":{"line":45,"column":9}},"21":{"start":{"line":41,"column":10},"end":{"line":41,"column":88}},"22":{"start":{"line":44,"column":10},"end":{"line":44,"column":45}},"23":{"start":{"line":48,"column":6},"end":{"line":48,"column":20}}},"fnMap":{"0":{"name":"(anonymous_0)","decl":{"start":{"line":3,"column":11},"end":{"line":3,"column":12}},"loc":{"start":{"line":3,"column":29},"end":{"line":25,"column":5}},"line":3},"1":{"name":"(anonymous_1)","decl":{"start":{"line":28,"column":11},"end":{"line":28,"column":12}},"loc":{"start":{"line":28,"column":30},"end":{"line":49,"column":5}},"line":28}},"branchMap":{"0":{"loc":{"start":{"line":12,"column":8},"end":{"line":21,"column":9}},"type":"if","locations":[{"start":{"line":12,"column":8},"end":{"line":21,"column":9}},{"start":{"line":12,"column":8},"end":{"line":21,"column":9}}],"line":12},"1":{"loc":{"start":{"line":12,"column":12},"end":{"line":12,"column":46}},"type":"binary-expr","locations":[{"start":{"line":12,"column":12},"end":{"line":12,"column":27}},{"start":{"line":12,"column":31},"end":{"line":12,"column":46}}],"line":12},"2":{"loc":{"start":{"line":16,"column":13},"end":{"line":21,"column":9}},"type":"if","locations":[{"start":{"line":16,"column":13},"end":{"line":21,"column":9}},{"start":{"line":16,"column":13},"end":{"line":21,"column":9}}],"line":16},"3":{"loc":{"start":{"line":16,"column":17},"end":{"line":16,"column":52}},"type":"binary-expr","locations":[{"start":{"line":16,"column":17},"end":{"line":16,"column":32}},{"start":{"line":16,"column":36},"end":{"line":16,"column":52}}],"line":16},"4":{"loc":{"start":{"line":37,"column":8},"end":{"line":45,"column":9}},"type":"if","locations":[{"start":{"line":37,"column":8},"end":{"line":45,"column":9}},{"start":{"line":37,"column":8},"end":{"line":45,"column":9}}],"line":37},"5":{"loc":{"start":{"line":37,"column":12},"end":{"line":37,"column":46}},"type":"binary-expr","locations":[{"start":{"line":37,"column":12},"end":{"line":37,"column":27}},{"start":{"line":37,"column":31},"end":{"line":37,"column":46}}],"line":37},"6":{"loc":{"start":{"line":40,"column":13},"end":{"line":45,"column":9}},"type":"if","locations":[{"start":{"line":40,"column":13},"end":{"line":45,"column":9}},{"start":{"line":40,"column":13},"end":{"line":45,"column":9}}],"line":40},"7":{"loc":{"start":{"line":40,"column":17},"end":{"line":40,"column":52}},"type":"binary-expr","locations":[{"start":{"line":40,"column":17},"end":{"line":40,"column":32}},{"start":{"line":40,"column":36},"end":{"line":40,"column":52}}],"line":40}},"s":{"0":1,"1":1,"2":1,"3":1,"4":1,"5":26,"6":26,"7":26,"8":0,"9":0,"10":0,"11":1,"12":1,"13":1,"14":1,"15":1,"16":1,"17":26,"18":26,"19":26,"20":0,"21":0,"22":0,"23":1},"f":{"0":1,"1":1},"b":{"0":[26,0],"1":[26,26],"2":[0,0],"3":[0,0],"4":[26,0],"5":[26,26],"6":[0,0],"7":[0,0]},"_coverageSchema":"43e27e138ebf9cfc5966b082cf9a028302ed4184","hash":"324758f8db30ef0498a5f4a1f0fa733108dce528"}
}
