TN:
SF:C:\Users\E\Desktop\Proyectos Laboratoria\cipher\SCL014-cipher\src\cipher.js
FN:3,(anonymous_0)
FN:24,(anonymous_1)
FNF:2
FNH:2
FNDA:1,(anonymous_0)
FNDA:1,(anonymous_1)
DA:2,1
DA:5,1
DA:6,1
DA:8,1
DA:10,1
DA:12,26
DA:14,26
DA:15,26
DA:16,0
DA:17,0
DA:21,1
DA:26,1
DA:27,1
DA:29,1
DA:31,1
DA:33,26
DA:35,26
DA:36,26
DA:37,0
DA:38,0
DA:42,1
LF:21
LH:17
BRDA:14,0,0,26
BRDA:14,0,1,0
BRDA:14,1,0,26
BRDA:14,1,1,26
BRDA:16,2,0,0
BRDA:16,2,1,0
BRDA:16,3,0,0
BRDA:16,3,1,0
BRDA:35,4,0,26
BRDA:35,4,1,0
BRDA:35,5,0,26
BRDA:35,5,1,26
BRDA:37,6,0,0
BRDA:37,6,1,0
BRDA:37,7,0,0
BRDA:37,7,1,0
BRF:16
BRH:6
end_of_record
