TN:
SF:C:\Users\Sandy\OneDrive\Escritorio\laboratoria\proyectos\SCL014-cipher\src\cipher.js
FN:3,(anonymous_0)
FN:27,(anonymous_1)
FNF:2
FNH:2
FNDA:2,(anonymous_0)
FNDA:2,(anonymous_1)
DA:1,1
DA:4,2
DA:5,2
DA:8,2
DA:9,6
DA:11,6
DA:12,3
DA:15,3
DA:16,3
DA:19,0
DA:23,2
DA:28,2
DA:29,2
DA:31,2
DA:33,2
DA:34,6
DA:36,6
DA:37,3
DA:43,3
DA:47,2
LF:20
LH:19
BRDA:11,0,0,3
BRDA:11,0,1,3
BRDA:11,1,0,6
BRDA:11,1,1,6
BRDA:15,2,0,3
BRDA:15,2,1,0
BRDA:15,3,0,3
BRDA:15,3,1,3
BRDA:36,4,0,3
BRDA:36,4,1,3
BRDA:36,5,0,6
BRDA:36,5,1,6
BRF:12
BRH:11
end_of_record
